Base path: '/Applications/Unity/Hub/Editor/2019.4.10f1/Unity.app/Contents', plugins path '/Applications/Unity/Hub/Editor/2019.4.10f1/Unity.app/Contents/PlaybackEngines'
Cmd: initializeCompiler
Cmd: translateComputeKernel
  api=14 insize=9678 outsize=16581 ok=1
Cmd: translateComputeKernel
  api=14 insize=7304 outsize=11329 ok=1
Cmd: compileComputeKernel
  api=14 insize=7960 outsize=2649 ok=1
Cmd: compileComputeKernel
  api=14 insize=7960 outsize=3032 ok=1
Cmd: translateComputeKernel
  api=14 insize=3225 outsize=3579 ok=1
Cmd: compileComputeKernel
  api=9 insize=9919 outsize=4241 ok=1
Cmd: compileComputeKernel
  api=14 insize=9919 outsize=3102 ok=1
Cmd: translateComputeKernel
  api=14 insize=2923 outsize=4016 ok=1
Cmd: compileComputeKernel
  api=14 insize=6546 outsize=3420 ok=1
Cmd: compileComputeKernel
  api=14 insize=11176 outsize=10544 ok=1
Cmd: compileComputeKernel
  api=9 insize=47665 outsize=4294 ok=1
Cmd: compileComputeKernel
  api=9 insize=47665 outsize=3000 ok=1
Cmd: compileComputeKernel
  api=9 insize=47665 outsize=4188 ok=1
Cmd: compileComputeKernel
  api=9 insize=47665 outsize=3069 ok=1
Cmd: compileComputeKernel
  api=14 insize=47665 outsize=3432 ok=1
Cmd: compileComputeKernel
  api=14 insize=47665 outsize=3030 ok=1
Cmd: compileComputeKernel
  api=14 insize=47665 outsize=3704 ok=1
Cmd: compileComputeKernel
  api=14 insize=47665 outsize=3764 ok=1
Cmd: compileComputeKernel
  api=14 insize=47665 outsize=3085 ok=1
Cmd: translateComputeKernel
  api=14 insize=4193 outsize=4971 ok=1
Cmd: translateComputeKernel
  api=14 insize=4146 outsize=4564 ok=1
Cmd: translateComputeKernel
  api=14 insize=4169 outsize=4729 ok=1
Cmd: translateComputeKernel
  api=14 insize=3593 outsize=3584 ok=1
Cmd: compileComputeKernel
  api=14 insize=68835 outsize=7284 ok=1
Cmd: translateComputeKernel
  api=14 insize=7284 outsize=12545 ok=1
Cmd: compileComputeKernel
  api=9 insize=29386 outsize=1759 ok=1
Cmd: compileComputeKernel
  api=9 insize=29386 outsize=2032 ok=1
Cmd: compileComputeKernel
  api=9 insize=29386 outsize=1891 ok=1
Cmd: compileComputeKernel
  api=9 insize=29386 outsize=2970 ok=1
Cmd: compileComputeKernel
  api=9 insize=29386 outsize=3164 ok=1
Cmd: compileComputeKernel
  api=9 insize=29386 outsize=3298 ok=1
Cmd: compileComputeKernel
  api=14 insize=29386 outsize=2135 ok=1
Cmd: compileComputeKernel
  api=14 insize=29386 outsize=1205 ok=1
Cmd: compileComputeKernel
  api=14 insize=29386 outsize=2543 ok=1
Cmd: compileComputeKernel
  api=14 insize=29386 outsize=2773 ok=1
Cmd: compileComputeKernel
  api=14 insize=29386 outsize=3002 ok=1
Cmd: translateComputeKernel
  api=14 insize=1476 outsize=1304 ok=1
Cmd: translateComputeKernel
  api=14 insize=1598 outsize=1436 ok=1
Cmd: translateComputeKernel
  api=14 insize=2360 outsize=2162 ok=1
Cmd: translateComputeKernel
  api=14 insize=2704 outsize=2677 ok=1
Cmd: translateComputeKernel
  api=14 insize=2852 outsize=3308 ok=1
Cmd: translateComputeKernel
  api=14 insize=2820 outsize=3265 ok=1
Cmd: compileComputeKernel
  api=9 insize=31899 outsize=24426 ok=1
Cmd: translateComputeKernel
  api=14 insize=5492 outsize=9284 ok=1
Cmd: translateComputeKernel
  api=14 insize=2905 outsize=3790 ok=1
Cmd: compileSnippet
  api=14 type=0 insize=713 outsize=1069 kw= pd=UNITY_NO_DXT5nm UNITY_ENABLE_REFLECTION_BUFFERS UNITY_NO_CUBEMAP_ARRAY UNITY_NO_SCREENSPACE_SHADOWS UNITY_PBS_USE_BRDF2 SHADER_API_DESKTOP UNITY_HARDWARE_TIER3 UNITY_COLORSPACE_GAMMA UNITY_LIGHTMAP_DLDR_ENCODING ok=1
Cmd: compileSnippet
  api=14 type=0 insize=563 outsize=1069 kw= pd=UNITY_NO_DXT5nm UNITY_ENABLE_REFLECTION_BUFFERS UNITY_NO_CUBEMAP_ARRAY UNITY_NO_SCREENSPACE_SHADOWS UNITY_PBS_USE_BRDF2 SHADER_API_DESKTOP UNITY_HARDWARE_TIER3 UNITY_COLORSPACE_GAMMA UNITY_LIGHTMAP_DLDR_ENCODING ok=1
Cmd: compileSnippet
  api=14 type=1 insize=2104 outsize=5109 kw=DIRECTIONAL SHADOWS_SCREEN pd=UNITY_NO_DXT5nm UNITY_ENABLE_REFLECTION_BUFFERS UNITY_NO_CUBEMAP_ARRAY UNITY_NO_SCREENSPACE_SHADOWS UNITY_PBS_USE_BRDF2 SHADER_API_DESKTOP UNITY_HARDWARE_TIER3 UNITY_COLORSPACE_GAMMA UNITY_LIGHTMAP_DLDR_ENCODING ok=1
Cmd: compileSnippet
  api=14 type=0 insize=1402 outsize=2401 kw=UNITY_PASS_FORWARDBASE _EMISSION SOFTPARTICLES_ON _ALPHABLEND_ON pd=UNITY_NO_DXT5nm UNITY_ENABLE_REFLECTION_BUFFERS UNITY_NO_CUBEMAP_ARRAY UNITY_NO_SCREENSPACE_SHADOWS UNITY_PBS_USE_BRDF2 SHADER_API_DESKTOP UNITY_HARDWARE_TIER3 UNITY_COLORSPACE_GAMMA UNITY_LIGHTMAP_DLDR_ENCODING ok=1
