Base path: '/Applications/Unity/Hub/Editor/2019.4.10f1/Unity.app/Contents', plugins path '/Applications/Unity/Hub/Editor/2019.4.10f1/Unity.app/Contents/PlaybackEngines'
Cmd: initializeCompiler
Cmd: compileComputeKernel
  api=14 insize=18731 outsize=9375 ok=1
Cmd: translateComputeKernel
  api=14 insize=9597 outsize=16417 ok=1
Cmd: translateComputeKernel
  api=14 insize=1348 outsize=1437 ok=1
Cmd: compileComputeKernel
  api=9 insize=5032 outsize=17818 ok=1
Cmd: compileComputeKernel
  api=14 insize=7960 outsize=2550 ok=1
Cmd: compileComputeKernel
  api=14 insize=7960 outsize=4052 ok=1
Cmd: translateComputeKernel
  api=14 insize=2772 outsize=2763 ok=1
Cmd: compileComputeKernel
  api=9 insize=9919 outsize=4720 ok=1
Cmd: translateComputeKernel
  api=14 insize=2927 outsize=4019 ok=1
Cmd: compileComputeKernel
  api=14 insize=6546 outsize=3091 ok=1
Cmd: compileComputeKernel
  api=14 insize=3158 outsize=48467 ok=1
Cmd: translateComputeKernel
  api=14 insize=48467 outsize=85198 ok=1
Cmd: compileComputeKernel
  api=9 insize=47665 outsize=3462 ok=1
Cmd: compileComputeKernel
  api=9 insize=47665 outsize=2919 ok=1
Cmd: compileComputeKernel
  api=9 insize=47665 outsize=2946 ok=1
Cmd: compileComputeKernel
  api=9 insize=47665 outsize=4227 ok=1
Cmd: compileComputeKernel
  api=9 insize=47665 outsize=3357 ok=1
Cmd: compileComputeKernel
  error: 1 plat 14 at Tensor.cginc(141): use of potentially uninitialized variable (ReadonlyTensor::SafeGet)
  api=14 insize=47665 outsize=3884 ok=1
Cmd: compileComputeKernel
  api=14 insize=47665 outsize=3290 ok=1
Cmd: compileComputeKernel
  api=14 insize=47665 outsize=3727 ok=1
Cmd: compileComputeKernel
  api=14 insize=47665 outsize=3753 ok=1
Cmd: translateComputeKernel
  api=14 insize=3587 outsize=3656 ok=1
Cmd: translateComputeKernel
  api=14 insize=3772 outsize=3766 ok=1
Cmd: translateComputeKernel
  api=14 insize=3563 outsize=3461 ok=1
Cmd: translateComputeKernel
  api=14 insize=4169 outsize=4729 ok=1
Cmd: translateComputeKernel
  api=14 insize=4348 outsize=5023 ok=1
Cmd: compileComputeKernel
  api=9 insize=68835 outsize=9264 ok=1
Cmd: translateComputeKernel
  api=14 insize=6655 outsize=12060 ok=1
Cmd: compileComputeKernel
  api=9 insize=29386 outsize=1460 ok=1
Cmd: compileComputeKernel
  api=9 insize=29386 outsize=1860 ok=1
Cmd: compileComputeKernel
  api=9 insize=29386 outsize=1890 ok=1
Cmd: compileComputeKernel
  api=9 insize=29386 outsize=2889 ok=1
Cmd: compileComputeKernel
  api=9 insize=29386 outsize=2990 ok=1
Cmd: compileComputeKernel
  api=9 insize=29386 outsize=2885 ok=1
Cmd: compileComputeKernel
  api=14 insize=29386 outsize=2153 ok=1
Cmd: compileComputeKernel
  api=14 insize=29386 outsize=2244 ok=1
Cmd: compileComputeKernel
  api=14 insize=29386 outsize=2135 ok=1
Cmd: compileComputeKernel
  api=14 insize=29386 outsize=2918 ok=1
Cmd: compileComputeKernel
  api=14 insize=29386 outsize=2659 ok=1
Cmd: translateComputeKernel
  api=14 insize=2308 outsize=2077 ok=1
Cmd: translateComputeKernel
  api=14 insize=1572 outsize=1447 ok=1
Cmd: translateComputeKernel
  api=14 insize=2332 outsize=2120 ok=1
Cmd: translateComputeKernel
  api=14 insize=2853 outsize=3129 ok=1
Cmd: translateComputeKernel
  api=14 insize=2915 outsize=3204 ok=1
Cmd: translateComputeKernel
  api=14 insize=2843 outsize=3127 ok=1
Cmd: compileComputeKernel
  api=9 insize=31899 outsize=5643 ok=1
Cmd: compileComputeKernel
  api=14 insize=31899 outsize=4913 ok=1
Cmd: compileComputeKernel
  api=14 insize=4119 outsize=2847 ok=1
Cmd: translateComputeKernel
  api=14 insize=2757 outsize=3311 ok=1
Cmd: compileSnippet
  api=14 type=0 insize=1302 outsize=3968 kw=UNITY_PASS_SHADOWCASTER SHADOWS_DEPTH INSTANCING_ON pd=UNITY_NO_DXT5nm UNITY_ENABLE_REFLECTION_BUFFERS UNITY_NO_CUBEMAP_ARRAY UNITY_NO_SCREENSPACE_SHADOWS UNITY_PBS_USE_BRDF2 SHADER_API_DESKTOP UNITY_HARDWARE_TIER3 UNITY_COLORSPACE_GAMMA UNITY_LIGHTMAP_DLDR_ENCODING ok=1
Cmd: compileSnippet
  api=14 type=0 insize=2104 outsize=2388 kw=DIRECTIONAL SHADOWS_SCREEN pd=UNITY_NO_DXT5nm UNITY_ENABLE_REFLECTION_BUFFERS UNITY_NO_CUBEMAP_ARRAY UNITY_NO_SCREENSPACE_SHADOWS UNITY_PBS_USE_BRDF2 SHADER_API_DESKTOP UNITY_HARDWARE_TIER3 UNITY_COLORSPACE_GAMMA UNITY_LIGHTMAP_DLDR_ENCODING ok=1
Cmd: compileSnippet
  api=14 type=0 insize=4765 outsize=1069 kw= pd=UNITY_NO_DXT5nm UNITY_ENABLE_REFLECTION_BUFFERS UNITY_NO_CUBEMAP_ARRAY UNITY_NO_SCREENSPACE_SHADOWS UNITY_PBS_USE_BRDF2 SHADER_API_DESKTOP UNITY_HARDWARE_TIER3 UNITY_COLORSPACE_GAMMA UNITY_LIGHTMAP_DLDR_ENCODING ok=1
