Base path: '/Applications/Unity/Hub/Editor/2019.4.10f1/Unity.app/Contents', plugins path '/Applications/Unity/Hub/Editor/2019.4.10f1/Unity.app/Contents/PlaybackEngines'
Cmd: initializeCompiler
Cmd: compileComputeKernel
  api=14 insize=18731 outsize=11282 ok=1
Cmd: translateComputeKernel
  api=14 insize=11742 outsize=25442 ok=1
Cmd: compileComputeKernel
  api=14 insize=1505 outsize=1199 ok=1
Cmd: compileComputeKernel
  api=14 insize=7960 outsize=3081 ok=1
Cmd: translateComputeKernel
  api=14 insize=3157 outsize=3345 ok=1
Cmd: compileComputeKernel
  api=9 insize=9919 outsize=4005 ok=1
Cmd: compileComputeKernel
  api=14 insize=9919 outsize=2957 ok=1
Cmd: translateComputeKernel
  api=14 insize=2957 outsize=4065 ok=1
Cmd: compileComputeKernel
  api=14 insize=6546 outsize=2718 ok=1
Cmd: translateComputeKernel
  api=14 insize=2806 outsize=3491 ok=1
Cmd: compileComputeKernel
  api=14 insize=11176 outsize=11289 ok=1
Cmd: translateComputeKernel
  api=14 insize=10700 outsize=18707 ok=1
Cmd: compileComputeKernel
  api=9 insize=47665 outsize=3559 ok=1
Cmd: compileComputeKernel
  api=9 insize=47665 outsize=3158 ok=1
Cmd: compileComputeKernel
  api=9 insize=47665 outsize=4184 ok=1
Cmd: compileComputeKernel
  api=9 insize=47665 outsize=2968 ok=1
Cmd: compileComputeKernel
  api=14 insize=47665 outsize=4891 ok=1
Cmd: compileComputeKernel
  api=14 insize=47665 outsize=3027 ok=1
Cmd: compileComputeKernel
  api=14 insize=47665 outsize=3761 ok=1
Cmd: compileComputeKernel
  api=14 insize=47665 outsize=3192 ok=1
Cmd: translateComputeKernel
  api=14 insize=3683 outsize=3836 ok=1
Cmd: translateComputeKernel
  api=14 insize=3635 outsize=3538 ok=1
Cmd: translateComputeKernel
  api=14 insize=3563 outsize=3460 ok=1
Cmd: translateComputeKernel
  api=14 insize=4173 outsize=4732 ok=1
Cmd: translateComputeKernel
  api=14 insize=3578 outsize=3470 ok=1
Cmd: translateComputeKernel
  api=14 insize=3760 outsize=3819 ok=1
Cmd: compileComputeKernel
  api=14 insize=68835 outsize=6622 ok=1
Cmd: compileComputeKernel
  api=9 insize=29386 outsize=2057 ok=1
Cmd: compileComputeKernel
  api=9 insize=29386 outsize=1523 ok=1
Cmd: compileComputeKernel
  api=9 insize=29386 outsize=2936 ok=1
Cmd: compileComputeKernel
  api=9 insize=29386 outsize=2920 ok=1
Cmd: compileComputeKernel
  api=9 insize=29386 outsize=2921 ok=1
Cmd: compileComputeKernel
  api=14 insize=29386 outsize=1166 ok=1
Cmd: compileComputeKernel
  api=14 insize=29386 outsize=1345 ok=1
Cmd: compileComputeKernel
  api=14 insize=29386 outsize=2145 ok=1
Cmd: compileComputeKernel
  api=14 insize=29386 outsize=3332 ok=1
Cmd: compileComputeKernel
  api=14 insize=29386 outsize=2730 ok=1
Cmd: compileComputeKernel
  api=14 insize=29386 outsize=2989 ok=1
Cmd: translateComputeKernel
  api=14 insize=2342 outsize=2123 ok=1
Cmd: translateComputeKernel
  api=14 insize=2404 outsize=2198 ok=1
Cmd: translateComputeKernel
  api=14 insize=2347 outsize=2148 ok=1
Cmd: translateComputeKernel
  api=14 insize=2989 outsize=3516 ok=1
Cmd: translateComputeKernel
  api=14 insize=2871 outsize=3168 ok=1
Cmd: compileComputeKernel
  api=14 insize=31899 outsize=14464 ok=1
Cmd: translateComputeKernel
  api=14 insize=4252 outsize=6853 ok=1
Cmd: compileComputeKernel
  api=9 insize=4119 outsize=2935 ok=1
Cmd: compileSnippet
  api=14 type=1 insize=1152 outsize=1067 kw=UNITY_PASS_SHADOWCASTER SHADOWS_DEPTH PROCEDURAL_INSTANCING_ON _ALPHABLEND_ON pd=UNITY_NO_DXT5nm UNITY_ENABLE_REFLECTION_BUFFERS UNITY_NO_CUBEMAP_ARRAY UNITY_NO_SCREENSPACE_SHADOWS UNITY_PBS_USE_BRDF2 SHADER_API_DESKTOP UNITY_HARDWARE_TIER3 UNITY_COLORSPACE_GAMMA UNITY_LIGHTMAP_DLDR_ENCODING ok=1
Cmd: compileSnippet
  api=14 type=0 insize=586 outsize=1069 kw= pd=UNITY_NO_DXT5nm UNITY_ENABLE_REFLECTION_BUFFERS UNITY_NO_CUBEMAP_ARRAY UNITY_NO_SCREENSPACE_SHADOWS UNITY_PBS_USE_BRDF2 SHADER_API_DESKTOP UNITY_HARDWARE_TIER3 UNITY_COLORSPACE_GAMMA UNITY_LIGHTMAP_DLDR_ENCODING ok=1
Cmd: compileSnippet
  api=14 type=1 insize=563 outsize=5204 kw= pd=UNITY_NO_DXT5nm UNITY_ENABLE_REFLECTION_BUFFERS UNITY_NO_CUBEMAP_ARRAY UNITY_NO_SCREENSPACE_SHADOWS UNITY_PBS_USE_BRDF2 SHADER_API_DESKTOP UNITY_HARDWARE_TIER3 UNITY_COLORSPACE_GAMMA UNITY_LIGHTMAP_DLDR_ENCODING ok=1
Cmd: compileSnippet
  api=14 type=0 insize=1917 outsize=1817 kw= pd=UNITY_NO_DXT5nm UNITY_ENABLE_REFLECTION_BUFFERS UNITY_NO_CUBEMAP_ARRAY UNITY_NO_SCREENSPACE_SHADOWS UNITY_PBS_USE_BRDF2 SHADER_API_DESKTOP UNITY_HARDWARE_TIER3 UNITY_COLORSPACE_GAMMA UNITY_LIGHTMAP_DLDR_ENCODING ok=1
Cmd: compileSnippet
  api=14 type=0 insize=1554 outsize=3793 kw=UNITY_PASS_DEFERRED LIGHTPROBE_SH _EMISSION UNITY_HDR_ON pd=UNITY_NO_DXT5nm UNITY_ENABLE_REFLECTION_BUFFERS UNITY_NO_CUBEMAP_ARRAY UNITY_NO_SCREENSPACE_SHADOWS UNITY_PBS_USE_BRDF2 SHADER_API_DESKTOP UNITY_HARDWARE_TIER3 UNITY_COLORSPACE_GAMMA UNITY_LIGHTMAP_DLDR_ENCODING ok=1
