Base path: '/Applications/Unity/Hub/Editor/2019.4.10f1/Unity.app/Contents', plugins path '/Applications/Unity/Hub/Editor/2019.4.10f1/Unity.app/Contents/PlaybackEngines'
Cmd: initializeCompiler
Cmd: compileComputeKernel
  api=14 insize=18731 outsize=9597 ok=1
Cmd: translateComputeKernel
  api=14 insize=11282 outsize=24784 ok=1
Cmd: translateComputeKernel
  api=14 insize=1448 outsize=1556 ok=1
Cmd: compileComputeKernel
  api=9 insize=5032 outsize=8597 ok=1
Cmd: compileComputeKernel
  api=9 insize=7960 outsize=5092 ok=1
Cmd: compileComputeKernel
  api=9 insize=9919 outsize=3955 ok=1
Cmd: compileComputeKernel
  api=14 insize=9919 outsize=2923 ok=1
Cmd: translateComputeKernel
  api=14 insize=2955 outsize=4062 ok=1
Cmd: compileComputeKernel
  api=9 insize=6546 outsize=4292 ok=1
Cmd: translateComputeKernel
  api=14 insize=11445 outsize=22657 ok=1
Cmd: compileComputeKernel
  api=9 insize=47665 outsize=3353 ok=1
Cmd: compileComputeKernel
  api=9 insize=47665 outsize=3470 ok=1
Cmd: compileComputeKernel
  api=9 insize=47665 outsize=4184 ok=1
Cmd: compileComputeKernel
  api=9 insize=47665 outsize=4471 ok=1
Cmd: compileComputeKernel
  error: 1 plat 14 at Tensor.cginc(141): use of potentially uninitialized variable (ReadonlyTensor::SafeGet)
  api=14 insize=47665 outsize=4651 ok=1
Cmd: compileComputeKernel
  api=14 insize=47665 outsize=3263 ok=1
Cmd: compileComputeKernel
  api=14 insize=47665 outsize=3731 ok=1
Cmd: compileComputeKernel
  api=14 insize=47665 outsize=3084 ok=1
Cmd: translateComputeKernel
  api=14 insize=5241 outsize=7370 ok=1
Cmd: translateComputeKernel
  api=14 insize=4206 outsize=4781 ok=1
Cmd: translateComputeKernel
  api=14 insize=3594 outsize=3570 ok=1
Cmd: compileComputeKernel
  api=9 insize=68835 outsize=25107 ok=1
Cmd: compileComputeKernel
  api=9 insize=29386 outsize=1847 ok=1
Cmd: compileComputeKernel
  api=9 insize=29386 outsize=1666 ok=1
Cmd: compileComputeKernel
  api=9 insize=29386 outsize=1954 ok=1
Cmd: compileComputeKernel
  api=9 insize=29386 outsize=3047 ok=1
Cmd: compileComputeKernel
  api=9 insize=29386 outsize=2842 ok=1
Cmd: compileComputeKernel
  api=14 insize=29386 outsize=2053 ok=1
Cmd: compileComputeKernel
  api=14 insize=29386 outsize=2545 ok=1
Cmd: compileComputeKernel
  api=14 insize=29386 outsize=2181 ok=1
Cmd: compileComputeKernel
  api=14 insize=29386 outsize=2663 ok=1
Cmd: compileComputeKernel
  api=14 insize=29386 outsize=2836 ok=1
Cmd: compileComputeKernel
  api=14 insize=29386 outsize=2677 ok=1
Cmd: translateComputeKernel
  api=14 insize=2607 outsize=2503 ok=1
Cmd: translateComputeKernel
  api=14 insize=2396 outsize=2187 ok=1
Cmd: translateComputeKernel
  api=14 insize=1481 outsize=1350 ok=1
Cmd: translateComputeKernel
  api=14 insize=2997 outsize=3492 ok=1
Cmd: translateComputeKernel
  api=14 insize=2798 outsize=3275 ok=1
Cmd: translateComputeKernel
  api=14 insize=3150 outsize=3681 ok=1
Cmd: compileComputeKernel
  api=14 insize=31899 outsize=4027 ok=1
Cmd: compileComputeKernel
  api=14 insize=31899 outsize=5617 ok=1
Cmd: translateComputeKernel
  api=14 insize=4027 outsize=6043 ok=1
Cmd: compileComputeKernel
  api=14 insize=4119 outsize=2913 ok=1
Cmd: compileSnippet
  api=14 type=0 insize=1152 outsize=6289 kw=UNITY_PASS_SHADOWCASTER SHADOWS_DEPTH PROCEDURAL_INSTANCING_ON _ALPHABLEND_ON pd=UNITY_NO_DXT5nm UNITY_ENABLE_REFLECTION_BUFFERS UNITY_NO_CUBEMAP_ARRAY UNITY_NO_SCREENSPACE_SHADOWS UNITY_PBS_USE_BRDF2 SHADER_API_DESKTOP UNITY_HARDWARE_TIER3 UNITY_COLORSPACE_GAMMA UNITY_LIGHTMAP_DLDR_ENCODING ok=1
Cmd: compileSnippet
  api=14 type=0 insize=11846 outsize=2668 kw=SHADOWS_SPLIT_SPHERES SHADOWS_SINGLE_CASCADE pd=UNITY_NO_DXT5nm UNITY_ENABLE_REFLECTION_BUFFERS UNITY_NO_CUBEMAP_ARRAY UNITY_NO_SCREENSPACE_SHADOWS UNITY_PBS_USE_BRDF2 SHADER_API_DESKTOP UNITY_HARDWARE_TIER3 UNITY_COLORSPACE_GAMMA UNITY_LIGHTMAP_DLDR_ENCODING ok=1
Cmd: compileSnippet
  api=14 type=0 insize=1909 outsize=1817 kw= pd=UNITY_NO_DXT5nm UNITY_ENABLE_REFLECTION_BUFFERS UNITY_NO_CUBEMAP_ARRAY UNITY_NO_SCREENSPACE_SHADOWS UNITY_PBS_USE_BRDF2 SHADER_API_DESKTOP UNITY_HARDWARE_TIER3 UNITY_COLORSPACE_GAMMA UNITY_LIGHTMAP_DLDR_ENCODING ok=1
Cmd: compileSnippet
  api=14 type=0 insize=11809 outsize=1107 kw=BLOOM_LOW COLOR_GRADING_LDR_2D pd=UNITY_NO_DXT5nm UNITY_ENABLE_REFLECTION_BUFFERS UNITY_NO_CUBEMAP_ARRAY UNITY_NO_SCREENSPACE_SHADOWS UNITY_PBS_USE_BRDF2 SHADER_API_DESKTOP UNITY_HARDWARE_TIER3 UNITY_COLORSPACE_GAMMA UNITY_LIGHTMAP_DLDR_ENCODING ok=1
