Base path: '/Applications/Unity/Hub/Editor/2019.4.10f1/Unity.app/Contents', plugins path '/Applications/Unity/Hub/Editor/2019.4.10f1/Unity.app/Contents/PlaybackEngines'
Cmd: initializeCompiler
Cmd: translateComputeKernel
  api=14 insize=11294 outsize=24771 ok=1
Cmd: compileComputeKernel
  api=9 insize=7960 outsize=2460 ok=1
Cmd: compileComputeKernel
  api=14 insize=7960 outsize=2998 ok=1
Cmd: compileComputeKernel
  api=9 insize=9919 outsize=3955 ok=1
Cmd: compileComputeKernel
  api=14 insize=9919 outsize=3102 ok=1
Cmd: translateComputeKernel
  api=14 insize=3101 outsize=4310 ok=1
Cmd: compileComputeKernel
  api=9 insize=6546 outsize=3624 ok=1
Cmd: compileComputeKernel
  api=9 insize=47665 outsize=2954 ok=1
Cmd: compileComputeKernel
  api=9 insize=47665 outsize=3243 ok=1
Cmd: compileComputeKernel
  api=9 insize=47665 outsize=4187 ok=1
Cmd: compileComputeKernel
  api=9 insize=47665 outsize=2953 ok=1
Cmd: compileComputeKernel
  api=14 insize=47665 outsize=12555 ok=1
Cmd: translateComputeKernel
  api=14 insize=5128 outsize=7217 ok=1
Cmd: translateComputeKernel
  api=14 insize=3673 outsize=3615 ok=1
Cmd: compileComputeKernel
  api=14 insize=2134 outsize=2127 ok=1
Cmd: translateComputeKernel
  api=14 insize=2127 outsize=3741 ok=1
Cmd: compileComputeKernel
  api=14 insize=68835 outsize=4696 ok=1
Cmd: translateComputeKernel
  api=14 insize=4696 outsize=7334 ok=1
Cmd: compileComputeKernel
  api=14 insize=3174 outsize=2124 ok=1
Cmd: translateComputeKernel
  api=14 insize=2124 outsize=3347 ok=1
Cmd: compileComputeKernel
  api=9 insize=29386 outsize=2181 ok=1
Cmd: compileComputeKernel
  api=9 insize=29386 outsize=1790 ok=1
Cmd: compileComputeKernel
  api=9 insize=29386 outsize=2807 ok=1
Cmd: compileComputeKernel
  api=9 insize=29386 outsize=3000 ok=1
Cmd: compileComputeKernel
  api=9 insize=29386 outsize=2803 ok=1
Cmd: compileComputeKernel
  api=14 insize=29386 outsize=2151 ok=1
Cmd: compileComputeKernel
  api=14 insize=29386 outsize=1319 ok=1
Cmd: compileComputeKernel
  api=14 insize=29386 outsize=2050 ok=1
Cmd: compileComputeKernel
  api=14 insize=29386 outsize=2600 ok=1
Cmd: compileComputeKernel
  api=14 insize=29386 outsize=2731 ok=1
Cmd: compileComputeKernel
  api=14 insize=29386 outsize=2619 ok=1
Cmd: translateComputeKernel
  api=14 insize=2282 outsize=2007 ok=1
Cmd: translateComputeKernel
  api=14 insize=2344 outsize=2074 ok=1
Cmd: translateComputeKernel
  api=14 insize=2305 outsize=2081 ok=1
Cmd: translateComputeKernel
  api=14 insize=2790 outsize=3241 ok=1
Cmd: translateComputeKernel
  api=14 insize=2780 outsize=3238 ok=1
Cmd: translateComputeKernel
  api=14 insize=2837 outsize=3287 ok=1
Cmd: compileComputeKernel
  api=9 insize=31899 outsize=8639 ok=1
Cmd: compileComputeKernel
  api=14 insize=31899 outsize=4252 ok=1
Cmd: translateComputeKernel
  api=14 insize=8584 outsize=16824 ok=1
Cmd: compileSnippet
  api=14 type=1 insize=1554 outsize=4062 kw=UNITY_PASS_DEFERRED LIGHTPROBE_SH INSTANCING_ON pd=UNITY_NO_DXT5nm UNITY_ENABLE_REFLECTION_BUFFERS UNITY_NO_CUBEMAP_ARRAY UNITY_NO_SCREENSPACE_SHADOWS UNITY_PBS_USE_BRDF2 SHADER_API_DESKTOP UNITY_HARDWARE_TIER3 UNITY_COLORSPACE_GAMMA UNITY_LIGHTMAP_DLDR_ENCODING ok=1
Cmd: compileSnippet
  api=14 type=1 insize=1919 outsize=1357 kw= pd=UNITY_NO_DXT5nm UNITY_ENABLE_REFLECTION_BUFFERS UNITY_NO_CUBEMAP_ARRAY UNITY_NO_SCREENSPACE_SHADOWS UNITY_PBS_USE_BRDF2 SHADER_API_DESKTOP UNITY_HARDWARE_TIER3 UNITY_COLORSPACE_GAMMA UNITY_LIGHTMAP_DLDR_ENCODING ok=1
Cmd: compileSnippet
  api=14 type=1 insize=4766 outsize=1759 kw= pd=UNITY_NO_DXT5nm UNITY_ENABLE_REFLECTION_BUFFERS UNITY_NO_CUBEMAP_ARRAY UNITY_NO_SCREENSPACE_SHADOWS UNITY_PBS_USE_BRDF2 SHADER_API_DESKTOP UNITY_HARDWARE_TIER3 UNITY_COLORSPACE_GAMMA UNITY_LIGHTMAP_DLDR_ENCODING ok=1
Cmd: compileSnippet
  api=14 type=0 insize=1224 outsize=1622 kw=UNITY_HDR_ON pd=UNITY_NO_DXT5nm UNITY_ENABLE_REFLECTION_BUFFERS UNITY_NO_CUBEMAP_ARRAY UNITY_NO_SCREENSPACE_SHADOWS UNITY_PBS_USE_BRDF2 SHADER_API_DESKTOP UNITY_HARDWARE_TIER3 UNITY_COLORSPACE_GAMMA UNITY_LIGHTMAP_DLDR_ENCODING ok=1
