Base path: '/Applications/Unity/Hub/Editor/2019.4.10f1/Unity.app/Contents', plugins path '/Applications/Unity/Hub/Editor/2019.4.10f1/Unity.app/Contents/PlaybackEngines'
Cmd: initializeCompiler
Cmd: compileComputeKernel
  api=14 insize=18731 outsize=11294 ok=1
Cmd: compileComputeKernel
  api=14 insize=1226 outsize=1412 ok=1
Cmd: compileComputeKernel
  api=14 insize=5032 outsize=10966 ok=1
Cmd: translateComputeKernel
  api=14 insize=5372 outsize=7542 ok=1
Cmd: compileComputeKernel
  api=14 insize=7960 outsize=3022 ok=1
Cmd: compileComputeKernel
  api=9 insize=9919 outsize=3958 ok=1
Cmd: compileComputeKernel
  api=14 insize=9919 outsize=2960 ok=1
Cmd: translateComputeKernel
  api=14 insize=3363 outsize=4811 ok=1
Cmd: compileComputeKernel
  api=9 insize=6546 outsize=5525 ok=1
Cmd: compileComputeKernel
  api=9 insize=47665 outsize=6026 ok=1
Cmd: compileComputeKernel
  api=9 insize=47665 outsize=4949 ok=1
Cmd: compileComputeKernel
  api=9 insize=47665 outsize=2953 ok=1
Cmd: compileComputeKernel
  api=14 insize=47665 outsize=3772 ok=1
Cmd: compileComputeKernel
  api=14 insize=47665 outsize=3126 ok=1
Cmd: compileComputeKernel
  api=14 insize=47665 outsize=3727 ok=1
Cmd: compileComputeKernel
  api=14 insize=47665 outsize=3084 ok=1
Cmd: translateComputeKernel
  api=14 insize=4305 outsize=5557 ok=1
Cmd: translateComputeKernel
  api=14 insize=4199 outsize=4774 ok=1
Cmd: translateComputeKernel
  api=14 insize=4004 outsize=4175 ok=1
Cmd: compileComputeKernel
  api=14 insize=2134 outsize=812 ok=1
Cmd: compileComputeKernel
  api=14 insize=68835 outsize=8733 ok=1
Cmd: translateComputeKernel
  api=14 insize=13802 outsize=26426 ok=1
Cmd: compileComputeKernel
  api=9 insize=29386 outsize=2477 ok=1
Cmd: compileComputeKernel
  api=9 insize=29386 outsize=1945 ok=1
Cmd: compileComputeKernel
  api=9 insize=29386 outsize=1755 ok=1
Cmd: compileComputeKernel
  api=9 insize=29386 outsize=3234 ok=1
Cmd: compileComputeKernel
  api=9 insize=29386 outsize=2897 ok=1
Cmd: compileComputeKernel
  api=9 insize=29386 outsize=2986 ok=1
Cmd: compileComputeKernel
  api=14 insize=29386 outsize=2408 ok=1
Cmd: compileComputeKernel
  api=14 insize=29386 outsize=2077 ok=1
Cmd: compileComputeKernel
  api=14 insize=29386 outsize=2230 ok=1
Cmd: compileComputeKernel
  api=14 insize=29386 outsize=2895 ok=1
Cmd: compileComputeKernel
  api=14 insize=29386 outsize=2667 ok=1
Cmd: compileComputeKernel
  api=14 insize=29386 outsize=2758 ok=1
Cmd: translateComputeKernel
  api=14 insize=2449 outsize=2232 ok=1
Cmd: translateComputeKernel
  api=14 insize=2332 outsize=2121 ok=1
Cmd: translateComputeKernel
  api=14 insize=3029 outsize=3542 ok=1
Cmd: translateComputeKernel
  api=14 insize=2820 outsize=3264 ok=1
Cmd: translateComputeKernel
  api=14 insize=2797 outsize=3261 ok=1
Cmd: compileComputeKernel
  api=14 insize=31899 outsize=10869 ok=1
Cmd: translateComputeKernel
  api=14 insize=14464 outsize=29560 ok=1
Cmd: translateComputeKernel
  api=14 insize=2670 outsize=3088 ok=1
Cmd: compileSnippet
  api=14 type=0 insize=1554 outsize=3793 kw=UNITY_PASS_DEFERRED LIGHTPROBE_SH pd=UNITY_NO_DXT5nm UNITY_ENABLE_REFLECTION_BUFFERS UNITY_NO_CUBEMAP_ARRAY UNITY_NO_SCREENSPACE_SHADOWS UNITY_PBS_USE_BRDF2 SHADER_API_DESKTOP UNITY_HARDWARE_TIER3 UNITY_COLORSPACE_GAMMA UNITY_LIGHTMAP_DLDR_ENCODING ok=1
Cmd: compileSnippet
  api=14 type=1 insize=1919 outsize=1357 kw= pd=UNITY_NO_DXT5nm UNITY_ENABLE_REFLECTION_BUFFERS UNITY_NO_CUBEMAP_ARRAY UNITY_NO_SCREENSPACE_SHADOWS UNITY_PBS_USE_BRDF2 SHADER_API_DESKTOP UNITY_HARDWARE_TIER3 UNITY_COLORSPACE_GAMMA UNITY_LIGHTMAP_DLDR_ENCODING ok=1
Cmd: compileSnippet
  api=14 type=1 insize=11809 outsize=7518 kw=BLOOM_LOW COLOR_GRADING_LDR_2D pd=UNITY_NO_DXT5nm UNITY_ENABLE_REFLECTION_BUFFERS UNITY_NO_CUBEMAP_ARRAY UNITY_NO_SCREENSPACE_SHADOWS UNITY_PBS_USE_BRDF2 SHADER_API_DESKTOP UNITY_HARDWARE_TIER3 UNITY_COLORSPACE_GAMMA UNITY_LIGHTMAP_DLDR_ENCODING ok=1
Cmd: compileSnippet
  api=14 type=1 insize=6841 outsize=3405 kw= pd=UNITY_NO_DXT5nm UNITY_ENABLE_REFLECTION_BUFFERS UNITY_NO_CUBEMAP_ARRAY UNITY_NO_SCREENSPACE_SHADOWS UNITY_PBS_USE_BRDF2 SHADER_API_DESKTOP UNITY_HARDWARE_TIER3 UNITY_COLORSPACE_GAMMA UNITY_LIGHTMAP_DLDR_ENCODING ok=1
Cmd: compileSnippet
  api=14 type=1 insize=1554 outsize=4022 kw=UNITY_PASS_DEFERRED LIGHTPROBE_SH UNITY_HDR_ON INSTANCING_ON pd=UNITY_NO_DXT5nm UNITY_ENABLE_REFLECTION_BUFFERS UNITY_NO_CUBEMAP_ARRAY UNITY_NO_SCREENSPACE_SHADOWS UNITY_PBS_USE_BRDF2 SHADER_API_DESKTOP UNITY_HARDWARE_TIER3 UNITY_COLORSPACE_GAMMA UNITY_LIGHTMAP_DLDR_ENCODING ok=1
