Base path: '/Applications/Unity/Hub/Editor/2019.4.10f1/Unity.app/Contents', plugins path '/Applications/Unity/Hub/Editor/2019.4.10f1/Unity.app/Contents/PlaybackEngines'
Cmd: initializeCompiler
Cmd: translateComputeKernel
  api=14 insize=9505 outsize=16323 ok=1
Cmd: compileComputeKernel
  api=9 insize=5032 outsize=10976 ok=1
Cmd: compileComputeKernel
  api=9 insize=7960 outsize=3164 ok=1
Cmd: translateComputeKernel
  api=14 insize=3239 outsize=3627 ok=1
Cmd: compileComputeKernel
  api=9 insize=9919 outsize=3998 ok=1
Cmd: compileComputeKernel
  api=14 insize=9919 outsize=2955 ok=1
Cmd: translateComputeKernel
  api=14 insize=2952 outsize=4059 ok=1
Cmd: compileComputeKernel
  api=9 insize=6546 outsize=3482 ok=1
Cmd: compileComputeKernel
  api=9 insize=47665 outsize=3350 ok=1
Cmd: compileComputeKernel
  api=9 insize=47665 outsize=3023 ok=1
Cmd: compileComputeKernel
  api=9 insize=47665 outsize=2935 ok=1
Cmd: compileComputeKernel
  api=9 insize=47665 outsize=4470 ok=1
Cmd: compileComputeKernel
  api=14 insize=47665 outsize=3498 ok=1
Cmd: compileComputeKernel
  api=14 insize=47665 outsize=3544 ok=1
Cmd: compileComputeKernel
  api=14 insize=47665 outsize=3425 ok=1
Cmd: compileComputeKernel
  api=14 insize=47665 outsize=3727 ok=1
Cmd: compileComputeKernel
  api=14 insize=47665 outsize=3069 ok=1
Cmd: compileComputeKernel
  api=14 insize=47665 outsize=4360 ok=1
Cmd: translateComputeKernel
  api=14 insize=3803 outsize=3837 ok=1
Cmd: translateComputeKernel
  api=14 insize=3934 outsize=4078 ok=1
Cmd: translateComputeKernel
  api=14 insize=4201 outsize=4775 ok=1
Cmd: translateComputeKernel
  api=14 insize=4168 outsize=4765 ok=1
Cmd: compileComputeKernel
  api=9 insize=68835 outsize=10677 ok=1
Cmd: compileComputeKernel
  api=9 insize=1957 outsize=3556 ok=1
Cmd: compileComputeKernel
  api=9 insize=29386 outsize=1893 ok=1
Cmd: compileComputeKernel
  api=9 insize=29386 outsize=1968 ok=1
Cmd: compileComputeKernel
  api=9 insize=29386 outsize=1798 ok=1
Cmd: compileComputeKernel
  api=9 insize=29386 outsize=3237 ok=1
Cmd: compileComputeKernel
  api=9 insize=29386 outsize=2975 ok=1
Cmd: compileComputeKernel
  api=9 insize=29386 outsize=2908 ok=1
Cmd: compileComputeKernel
  api=14 insize=29386 outsize=2381 ok=1
Cmd: compileComputeKernel
  api=14 insize=29386 outsize=1205 ok=1
Cmd: compileComputeKernel
  api=14 insize=29386 outsize=2692 ok=1
Cmd: compileComputeKernel
  api=14 insize=29386 outsize=2813 ok=1
Cmd: compileComputeKernel
  api=14 insize=29386 outsize=2717 ok=1
Cmd: translateComputeKernel
  api=14 insize=1419 outsize=1237 ok=1
Cmd: translateComputeKernel
  api=14 insize=2330 outsize=2088 ok=1
Cmd: translateComputeKernel
  api=14 insize=1458 outsize=1300 ok=1
Cmd: translateComputeKernel
  api=14 insize=2289 outsize=2027 ok=1
Cmd: translateComputeKernel
  api=14 insize=2957 outsize=3466 ok=1
Cmd: translateComputeKernel
  api=14 insize=2861 outsize=3163 ok=1
Cmd: translateComputeKernel
  api=14 insize=3163 outsize=3675 ok=1
Cmd: compileComputeKernel
  api=14 insize=31899 outsize=5492 ok=1
Cmd: compileComputeKernel
  api=14 insize=4119 outsize=2612 ok=1
Cmd: compileSnippet
  api=14 type=0 insize=679 outsize=1069 kw= pd=UNITY_NO_DXT5nm UNITY_ENABLE_REFLECTION_BUFFERS UNITY_NO_CUBEMAP_ARRAY UNITY_NO_SCREENSPACE_SHADOWS UNITY_PBS_USE_BRDF2 SHADER_API_DESKTOP UNITY_HARDWARE_TIER3 UNITY_COLORSPACE_GAMMA UNITY_LIGHTMAP_DLDR_ENCODING ok=1
Cmd: compileSnippet
  api=14 type=1 insize=1224 outsize=957 kw= pd=UNITY_NO_DXT5nm UNITY_ENABLE_REFLECTION_BUFFERS UNITY_NO_CUBEMAP_ARRAY UNITY_NO_SCREENSPACE_SHADOWS UNITY_PBS_USE_BRDF2 SHADER_API_DESKTOP UNITY_HARDWARE_TIER3 UNITY_COLORSPACE_GAMMA UNITY_LIGHTMAP_DLDR_ENCODING ok=1
Cmd: compileSnippet
  api=14 type=1 insize=11846 outsize=9369 kw=SHADOWS_SPLIT_SPHERES SHADOWS_SINGLE_CASCADE pd=UNITY_NO_DXT5nm UNITY_ENABLE_REFLECTION_BUFFERS UNITY_NO_CUBEMAP_ARRAY UNITY_NO_SCREENSPACE_SHADOWS UNITY_PBS_USE_BRDF2 SHADER_API_DESKTOP UNITY_HARDWARE_TIER3 UNITY_COLORSPACE_GAMMA UNITY_LIGHTMAP_DLDR_ENCODING ok=1
Cmd: compileSnippet
  api=14 type=1 insize=1402 outsize=1400 kw=UNITY_PASS_FORWARDBASE _EMISSION SOFTPARTICLES_ON _ALPHABLEND_ON pd=UNITY_NO_DXT5nm UNITY_ENABLE_REFLECTION_BUFFERS UNITY_NO_CUBEMAP_ARRAY UNITY_NO_SCREENSPACE_SHADOWS UNITY_PBS_USE_BRDF2 SHADER_API_DESKTOP UNITY_HARDWARE_TIER3 UNITY_COLORSPACE_GAMMA UNITY_LIGHTMAP_DLDR_ENCODING ok=1
Cmd: compileSnippet
  api=14 type=1 insize=2295 outsize=1050 kw= pd=UNITY_NO_DXT5nm UNITY_ENABLE_REFLECTION_BUFFERS UNITY_NO_CUBEMAP_ARRAY UNITY_NO_SCREENSPACE_SHADOWS UNITY_PBS_USE_BRDF2 SHADER_API_DESKTOP UNITY_HARDWARE_TIER3 UNITY_COLORSPACE_GAMMA UNITY_LIGHTMAP_DLDR_ENCODING ok=1
Cmd: compileSnippet
  api=14 type=1 insize=1554 outsize=3493 kw=UNITY_PASS_DEFERRED LIGHTPROBE_SH _EMISSION UNITY_HDR_ON pd=UNITY_NO_DXT5nm UNITY_ENABLE_REFLECTION_BUFFERS UNITY_NO_CUBEMAP_ARRAY UNITY_NO_SCREENSPACE_SHADOWS UNITY_PBS_USE_BRDF2 SHADER_API_DESKTOP UNITY_HARDWARE_TIER3 UNITY_COLORSPACE_GAMMA UNITY_LIGHTMAP_DLDR_ENCODING ok=1
