Base path: '/Applications/Unity/Hub/Editor/2019.4.10f1/Unity.app/Contents', plugins path '/Applications/Unity/Hub/Editor/2019.4.10f1/Unity.app/Contents/PlaybackEngines'
Cmd: initializeCompiler
Cmd: compileComputeKernel
  api=14 insize=18731 outsize=9370 ok=1
Cmd: compileComputeKernel
  api=14 insize=5032 outsize=7304 ok=1
Cmd: compileComputeKernel
  api=9 insize=7960 outsize=3138 ok=1
Cmd: translateComputeKernel
  api=14 insize=3180 outsize=3727 ok=1
Cmd: compileComputeKernel
  api=9 insize=9919 outsize=4002 ok=1
Cmd: compileComputeKernel
  api=14 insize=9919 outsize=3363 ok=1
Cmd: translateComputeKernel
  api=14 insize=3102 outsize=4311 ok=1
Cmd: compileComputeKernel
  api=14 insize=6546 outsize=3332 ok=1
Cmd: translateComputeKernel
  api=14 insize=3119 outsize=4063 ok=1
Cmd: compileComputeKernel
  api=9 insize=47665 outsize=5631 ok=1
Cmd: compileComputeKernel
  api=9 insize=47665 outsize=2906 ok=1
Cmd: compileComputeKernel
  api=9 insize=47665 outsize=4231 ok=1
Cmd: compileComputeKernel
  api=9 insize=47665 outsize=3107 ok=1
Cmd: compileComputeKernel
  api=14 insize=47665 outsize=3078 ok=1
Cmd: compileComputeKernel
  api=14 insize=47665 outsize=3374 ok=1
Cmd: compileComputeKernel
  api=14 insize=47665 outsize=3130 ok=1
Cmd: compileComputeKernel
  api=14 insize=47665 outsize=3757 ok=1
Cmd: compileComputeKernel
  api=14 insize=47665 outsize=3605 ok=1
Cmd: translateComputeKernel
  api=14 insize=5390 outsize=7052 ok=1
Cmd: compileComputeKernel
  api=14 insize=2120 outsize=1472 ok=1
Cmd: compileComputeKernel
  api=9 insize=68835 outsize=16552 ok=1
Cmd: compileComputeKernel
  api=14 insize=3532 outsize=3386 ok=1
Cmd: translateComputeKernel
  api=14 insize=3205 outsize=5297 ok=1
Cmd: compileComputeKernel
  api=9 insize=29386 outsize=1775 ok=1
Cmd: compileComputeKernel
  api=9 insize=29386 outsize=1870 ok=1
Cmd: compileComputeKernel
  api=9 insize=29386 outsize=1525 ok=1
Cmd: compileComputeKernel
  api=9 insize=29386 outsize=2923 ok=1
Cmd: compileComputeKernel
  api=9 insize=29386 outsize=3037 ok=1
Cmd: compileComputeKernel
  api=9 insize=29386 outsize=2980 ok=1
Cmd: compileComputeKernel
  api=14 insize=29386 outsize=1223 ok=1
Cmd: compileComputeKernel
  api=14 insize=29386 outsize=2399 ok=1
Cmd: compileComputeKernel
  api=14 insize=29386 outsize=2640 ok=1
Cmd: compileComputeKernel
  api=14 insize=29386 outsize=2677 ok=1
Cmd: compileComputeKernel
  api=14 insize=29386 outsize=2632 ok=1
Cmd: translateComputeKernel
  api=14 insize=1410 outsize=1222 ok=1
Cmd: translateComputeKernel
  api=14 insize=2390 outsize=2212 ok=1
Cmd: translateComputeKernel
  api=14 insize=1458 outsize=1302 ok=1
Cmd: translateComputeKernel
  api=14 insize=2824 outsize=3091 ok=1
Cmd: translateComputeKernel
  api=14 insize=2892 outsize=3334 ok=1
Cmd: translateComputeKernel
  api=14 insize=2780 outsize=3239 ok=1
Cmd: compileComputeKernel
  api=9 insize=31899 outsize=7656 ok=1
Cmd: translateComputeKernel
  api=14 insize=4913 outsize=8657 ok=1
Cmd: translateComputeKernel
  api=14 insize=2971 outsize=3882 ok=1
Cmd: compileSnippet
  api=14 type=1 insize=713 outsize=8957 kw= pd=UNITY_NO_DXT5nm UNITY_ENABLE_REFLECTION_BUFFERS UNITY_NO_CUBEMAP_ARRAY UNITY_NO_SCREENSPACE_SHADOWS UNITY_PBS_USE_BRDF2 SHADER_API_DESKTOP UNITY_HARDWARE_TIER3 UNITY_COLORSPACE_GAMMA UNITY_LIGHTMAP_DLDR_ENCODING ok=1
Cmd: compileSnippet
  api=14 type=1 insize=1909 outsize=1336 kw= pd=UNITY_NO_DXT5nm UNITY_ENABLE_REFLECTION_BUFFERS UNITY_NO_CUBEMAP_ARRAY UNITY_NO_SCREENSPACE_SHADOWS UNITY_PBS_USE_BRDF2 SHADER_API_DESKTOP UNITY_HARDWARE_TIER3 UNITY_COLORSPACE_GAMMA UNITY_LIGHTMAP_DLDR_ENCODING ok=1
Cmd: compileSnippet
  api=14 type=0 insize=4766 outsize=1069 kw= pd=UNITY_NO_DXT5nm UNITY_ENABLE_REFLECTION_BUFFERS UNITY_NO_CUBEMAP_ARRAY UNITY_NO_SCREENSPACE_SHADOWS UNITY_PBS_USE_BRDF2 SHADER_API_DESKTOP UNITY_HARDWARE_TIER3 UNITY_COLORSPACE_GAMMA UNITY_LIGHTMAP_DLDR_ENCODING ok=1
Cmd: compileSnippet
  api=14 type=0 insize=1554 outsize=3793 kw=UNITY_PASS_DEFERRED LIGHTPROBE_SH UNITY_HDR_ON pd=UNITY_NO_DXT5nm UNITY_ENABLE_REFLECTION_BUFFERS UNITY_NO_CUBEMAP_ARRAY UNITY_NO_SCREENSPACE_SHADOWS UNITY_PBS_USE_BRDF2 SHADER_API_DESKTOP UNITY_HARDWARE_TIER3 UNITY_COLORSPACE_GAMMA UNITY_LIGHTMAP_DLDR_ENCODING ok=1
